GROUP,PACKAGE,CLASS,INSTRUCTION_MISSED,INSTRUCTION_COVERED,BRANCH_MISSED,BRANCH_COVERED,LINE_MISSED,LINE_COVERED,COMPLEXITY_MISSED,COMPLEXITY_COVERED,METHOD_MISSED,METHOD_COVERED
reversoContextBot,com.Erag0.reversoContextBot.reversoParser,Parser,178,0,6,0,32,0,8,0,5,0
reversoContextBot,com.Erag0.reversoContextBot.reversoParser,Text,38,0,0,0,15,0,6,0,6,0
reversoContextBot,com.Erag0.reversoContextBot.telegram,CommandController,20,0,0,0,6,0,3,0,3,0
reversoContextBot,com.Erag0.reversoContextBot.telegram,ReversoContextBot,44,0,2,0,13,0,5,0,4,0
reversoContextBot,com.Erag0.reversoContextBot.Factories,CommandFactoryBehavior,29,0,2,0,7,0,3,0,2,0
reversoContextBot,com.Erag0.reversoContextBot.DB,MyDatabase,225,0,4,0,31,0,11,0,9,0
reversoContextBot,com.Erag0.reversoContextBot,App,8,0,0,0,3,0,2,0,2,0
reversoContextBot,com.Erag0.reversoContextBot.telegram.Commands,EmptyCommand,23,0,0,0,6,0,2,0,2,0
reversoContextBot,com.Erag0.reversoContextBot.telegram.Commands,HelpCommand,23,0,0,0,6,0,2,0,2,0
