GROUP,PACKAGE,CLASS,INSTRUCTION_MISSED,INSTRUCTION_COVERED,BRANCH_MISSED,BRANCH_COVERED,LINE_MISSED,LINE_COVERED,COMPLEXITY_MISSED,COMPLEXITY_COVERED,METHOD_MISSED,METHOD_COVERED
reversoContextBot,com.yevheniikukhol.reversoContextBot,App,19,0,0,0,8,0,2,0,2,0
reversoContextBot,com.yevheniikukhol.reversoContextBot.telegram,MyBot,363,0,19,0,110,0,21,0,11,0
reversoContextBot,com.yevheniikukhol.reversoContextBot.DB,MyDatabase,225,0,4,0,31,0,11,0,9,0
reversoContextBot,com.yevheniikukhol.reversoContextBot.reversoParser,Text,36,0,0,0,15,0,6,0,6,0
reversoContextBot,com.yevheniikukhol.reversoContextBot.reversoParser,Parser,178,0,6,0,32,0,8,0,5,0
