<?xml version="1.0" encoding="UTF-8"?>
<testng-results ignored="0" total="1" passed="1" failed="0" skipped="0">
  <reporter-output>
  </reporter-output>
  <suite started-at="2019-10-14T11:20:14Z" name="AllTests" finished-at="2019-10-14T11:20:14Z" duration-ms="234">
    <groups>
    </groups>
    <test started-at="2019-10-14T11:20:14Z" name="All" finished-at="2019-10-14T11:20:14Z" duration-ms="234">
      <class name="com.yevheniikukhol.reversoContextBot.testing.AppTest">
        <test-method signature="test()[pri:0, instance:com.yevheniikukhol.reversoContextBot.testing.AppTest@4a734c04]" started-at="2019-10-14T11:20:14Z" name="test" finished-at="2019-10-14T11:20:14Z" duration-ms="45" status="PASS">
          <reporter-output>
          </reporter-output>
        </test-method> <!-- test -->
      </class> <!-- com.yevheniikukhol.reversoContextBot.testing.AppTest -->
    </test> <!-- All -->
  </suite> <!-- AllTests -->
</testng-results>
