<?xml version="1.0" encoding="UTF-8"?>
<testng-results ignored="0" total="1" passed="1" failed="0" skipped="0">
  <reporter-output>
  </reporter-output>
  <suite started-at="2019-11-09T18:36:15Z" name="AllTests" finished-at="2019-11-09T18:36:16Z" duration-ms="321">
    <groups>
    </groups>
    <test started-at="2019-11-09T18:36:15Z" name="All" finished-at="2019-11-09T18:36:16Z" duration-ms="321">
      <class name="com.yevheniikukhol.reversoContextBot.testing.AppTest">
        <test-method signature="test()[pri:0, instance:com.yevheniikukhol.reversoContextBot.testing.AppTest@5300cac]" started-at="2019-11-09T18:36:15Z" name="test" finished-at="2019-11-09T18:36:16Z" duration-ms="36" status="PASS">
          <reporter-output>
          </reporter-output>
        </test-method> <!-- test -->
      </class> <!-- com.yevheniikukhol.reversoContextBot.testing.AppTest -->
    </test> <!-- All -->
  </suite> <!-- AllTests -->
</testng-results>
